<html>
<body>
<pre>
<h1>Vision Build Log</h1>
<h2>Tool Versions:</h2>
IDE-Version: μVision V5.15
Copyright (C) 2015 ARM Ltd and ARM Germany GmbH. All rights reserved.
License Information: hp word, word, LIC=8VR30-BBCI4-KMV9D-839RW-ZMP34-1N9SU
 
Tool Versions:
Toolchain:       MDK-ARM Standard  Version: 5.15.0
Toolchain Path:  D:\Keil_v5\ARM\ARMCC\Bin
C Compiler:      Armcc.exe V5.05 update 2 (build 169)
Assembler:       Armasm.exe V5.05 update 2 (build 169)
Linker/Locator:  ArmLink.exe V5.05 update 2 (build 169)
Library Manager: ArmAr.exe V5.05 update 2 (build 169)
Hex Converter:   FromElf.exe V5.05 update 2 (build 169)
CPU DLL:         SARMCM3.DLL V5.15.0
Dialog DLL:      DCM.DLL V1.13.2.0
Target DLL:      STLink\ST-LINKIII-KEIL_SWO.dll V2.0.15.0_KEIL
Dialog DLL:      TCM.DLL V1.14.5.0
 
<h2>Project:</h2>
C:\Users\45879\Desktop\杂4\单片机\sy3\sy3\sy3\MDK-ARM\STM32L431_Key_volatile.uvprojx
Project File Date:  12/21/2021

<h2>Output:</h2>
*** Using Compiler 'V5.05 update 2 (build 169)', folder: 'D:\Keil_v5\ARM\ARMCC\Bin'
Rebuild target 'STM32L431_Key_volatile'
compiling main.c...
../Core/Src/main.c(1): error:  #169: expected a declaration
../Drivers/CMSIS/Device/ST/STM32L4xx/Include/stm32l431xx.h(143): warning:  #12-D: parsing restarts here after previous syntax error
  } IRQn_Type;
../Drivers/CMSIS/Include/core_cm4.h(1679): error:  #20: identifier "IRQn_Type" is undefined
  
_STATIC_INLINE void __NVIC_EnableIRQ(IRQn_Type IRQn)
../Drivers/CMSIS/Include/core_cm4.h(1698): error:  #20: identifier "IRQn_Type" is undefined
  
_STATIC_INLINE uint32_t __NVIC_GetEnableIRQ(IRQn_Type IRQn)
../Drivers/CMSIS/Include/core_cm4.h(1717): error:  #20: identifier "IRQn_Type" is undefined
  
_STATIC_INLINE void __NVIC_DisableIRQ(IRQn_Type IRQn)
../Drivers/CMSIS/Include/core_cm4.h(1736): error:  #20: identifier "IRQn_Type" is undefined
  
_STATIC_INLINE uint32_t __NVIC_GetPendingIRQ(IRQn_Type IRQn)
../Drivers/CMSIS/Include/core_cm4.h(1755): error:  #20: identifier "IRQn_Type" is undefined
  
_STATIC_INLINE void __NVIC_SetPendingIRQ(IRQn_Type IRQn)
../Drivers/CMSIS/Include/core_cm4.h(1770): error:  #20: identifier "IRQn_Type" is undefined
  
_STATIC_INLINE void __NVIC_ClearPendingIRQ(IRQn_Type IRQn)
../Drivers/CMSIS/Include/core_cm4.h(1787): error:  #20: identifier "IRQn_Type" is undefined
  
_STATIC_INLINE uint32_t __NVIC_GetActive(IRQn_Type IRQn)
../Drivers/CMSIS/Include/core_cm4.h(1809): error:  #20: identifier "IRQn_Type" is undefined
  
_STATIC_INLINE void __NVIC_SetPriority(IRQn_Type IRQn, uint32_t priority)
../Drivers/CMSIS/Include/core_cm4.h(1831): error:  #20: identifier "IRQn_Type" is undefined
  
_STATIC_INLINE uint32_t __NVIC_GetPriority(IRQn_Type IRQn)
../Drivers/CMSIS/Include/core_cm4.h(1906): error:  #20: identifier "IRQn_Type" is undefined
  
_STATIC_INLINE void __NVIC_SetVector(IRQn_Type IRQn, uint32_t vector)
../Drivers/CMSIS/Include/core_cm4.h(1922): error:  #20: identifier "IRQn_Type" is undefined
  
_STATIC_INLINE uint32_t __NVIC_GetVector(IRQn_Type IRQn)
../Drivers/CMSIS/Include/core_cm4.h(2025): error:  #20: identifier "SysTick_IRQn" is undefined
    
VIC_SetPriority (SysTick_IRQn, (1UL << __NVIC_PRIO_BITS) - 1UL); /* set Priority for Systick Interrupt */
../Drivers/STM32L4xx_HAL_Driver/Inc/stm32l4xx_hal_cortex.h(272): error:  #20: identifier "IRQn_Type" is undefined
  void HAL_NVIC_SetPriority(IRQn_Type IRQn, uint32_t PreemptPriority, uint32_t SubPriority);
../Drivers/STM32L4xx_HAL_Driver/Inc/stm32l4xx_hal_cortex.h(273): error:  #20: identifier "IRQn_Type" is undefined
  void HAL_NVIC_EnableIRQ(IRQn_Type IRQn);
../Drivers/STM32L4xx_HAL_Driver/Inc/stm32l4xx_hal_cortex.h(274): error:  #20: identifier "IRQn_Type" is undefined
  void HAL_NVIC_DisableIRQ(IRQn_Type IRQn);
../Drivers/STM32L4xx_HAL_Driver/Inc/stm32l4xx_hal_cortex.h(288): error:  #20: identifier "IRQn_Type" is undefined
  void HAL_NVIC_GetPriority(IRQn_Type IRQn, uint32_t PriorityGroup, uint32_t* pPreemptPriority, uint32_t* pSubPriority);
../Drivers/STM32L4xx_HAL_Driver/Inc/stm32l4xx_hal_cortex.h(289): error:  #20: identifier "IRQn_Type" is undefined
  uint32_t HAL_NVIC_GetPendingIRQ(IRQn_Type IRQn);
../Drivers/STM32L4xx_HAL_Driver/Inc/stm32l4xx_hal_cortex.h(290): error:  #20: identifier "IRQn_Type" is undefined
  void HAL_NVIC_SetPendingIRQ(IRQn_Type IRQn);
../Drivers/STM32L4xx_HAL_Driver/Inc/stm32l4xx_hal_cortex.h(291): error:  #20: identifier "IRQn_Type" is undefined
  void HAL_NVIC_ClearPendingIRQ(IRQn_Type IRQn);
../Drivers/STM32L4xx_HAL_Driver/Inc/stm32l4xx_hal_cortex.h(292): error:  #20: identifier "IRQn_Type" is undefined
  uint32_t HAL_NVIC_GetActive(IRQn_Type IRQn);
../Core/Src/main.c: 1 warning, 21 errors
compiling gpio.c...
compiling usart.c...
compiling stm32l4xx_it.c...
compiling stm32l4xx_hal_msp.c...
compiling stm32l4xx_hal_tim.c...
compiling stm32l4xx_hal_tim_ex.c...
compiling stm32l4xx_hal_uart.c...
compiling stm32l4xx_hal_uart_ex.c...
compiling stm32l4xx_hal.c...
compiling stm32l4xx_hal_i2c.c...
compiling stm32l4xx_hal_i2c_ex.c...
compiling stm32l4xx_hal_rcc.c...
compiling stm32l4xx_hal_rcc_ex.c...
compiling stm32l4xx_hal_flash.c...
compiling stm32l4xx_hal_flash_ex.c...
compiling stm32l4xx_hal_flash_ramfunc.c...
compiling stm32l4xx_hal_gpio.c...
compiling stm32l4xx_hal_dma.c...
compiling stm32l4xx_hal_dma_ex.c...
compiling stm32l4xx_hal_pwr.c...
compiling stm32l4xx_hal_pwr_ex.c...
compiling stm32l4xx_hal_cortex.c...
compiling stm32l4xx_hal_exti.c...
compiling system_stm32l4xx.c...
assembling startup_stm32l431xx.s...
"STM32L431_Key_volatile\STM32L431_Key_volatile.axf" - 21 Error(s), 1 Warning(s).

<h2>Software Packages used:</h2>

Package Vendor: ARM
                http://www.keil.com/pack/ARM.CMSIS.4.3.0.pack
                ARM::CMSIS:CORE:4.1.0
                CMSIS (Cortex Microcontroller Software Interface Standard)
   * Component: CORE Version: 4.1.0

<h2>Collection of Component include folders:</h2>
  C:\Users\45879\Desktop\杂4\单片机\sy3\sy3\sy3\MDK-ARM\RTE
  D:\Keil_v5\ARM\PACK\ARM\CMSIS\4.3.0\CMSIS\Include
  D:\Keil_v5\ARM\PACK\Keil\STM32L4xx_DFP\2.6.1\Drivers\CMSIS\Device\ST\STM32L4xx\Include

<h2>Collection of Component Files used:</h2>

   * Component: ARM::CMSIS:CORE:4.1.0
Target not created.
</pre>
</body>
</html>
